<?xml version="1.0" encoding="UTF-8"?>
<!-- Generated by org.testng.reporters.JUnitReportReporter -->
<testsuite hostname="DESKTOP-8J78PJ9" name="com.crm.qa.testpages.HomePageTest" tests="4" failures="0" timestamp="29 Apr 2019 05:17:36 GMT" time="48.288" errors="0">
  <testcase name="VerifyHomePageTitleTest" time="11.621" classname="com.crm.qa.testpages.HomePageTest"/>
  <testcase name="checkClickingOnContactsLinkTest" time="13.957" classname="com.crm.qa.testpages.HomePageTest"/>
  <testcase name="verifyClickingOnTrialLinkTest" time="10.933" classname="com.crm.qa.testpages.HomePageTest"/>
  <testcase name="userNameLabelTest" time="11.777" classname="com.crm.qa.testpages.HomePageTest"/>
</testsuite> <!-- com.crm.qa.testpages.HomePageTest -->
