<?xml version="1.0" encoding="UTF-8"?>
<!-- Generated by org.testng.reporters.JUnitReportReporter -->
<testsuite hostname="DESKTOP-8J78PJ9" name="com.crm.qa.testpages.ContactPageTest" tests="7" failures="0" timestamp="30 Apr 2019 01:27:34 GMT" time="106.671" errors="0">
  <testcase name="validateCreateNewContact" time="16.227" classname="com.crm.qa.testpages.ContactPageTest"/>
  <testcase name="validateCreateNewContact" time="16.015" classname="com.crm.qa.testpages.ContactPageTest"/>
  <testcase name="validateCreateNewContact" time="14.859" classname="com.crm.qa.testpages.ContactPageTest"/>
  <testcase name="validateCreateNewContact" time="19.822" classname="com.crm.qa.testpages.ContactPageTest"/>
  <testcase name="verifyContactIconTest" time="12.005" classname="com.crm.qa.testpages.ContactPageTest"/>
  <testcase name="validateCreateNewContact" time="14.607" classname="com.crm.qa.testpages.ContactPageTest"/>
  <testcase name="clickOnContactLinkTest" time="13.136" classname="com.crm.qa.testpages.ContactPageTest"/>
</testsuite> <!-- com.crm.qa.testpages.ContactPageTest -->
